MARCA DO VEICULO: NAO PREENCHIDO
MODELO DO VEICULO: NAO PREENCHIDO
ANO DE FABRICACAO: 2021
NOME DA CIDADE: RIO DE JANEIRO
QUANTIDADE DE VEICULOS: 12

MARCA DO VEICULO: HONDA
MODELO DO VEICULO: HR-V EX CVT
ANO DE FABRICACAO: 2017
NOME DA CIDADE: RIO DE JANEIRO
QUANTIDADE DE VEICULOS: 1188

MARCA DO VEICULO: NAO PREENCHIDO
MODELO DO VEICULO: NAO PREENCHIDO
ANO DE FABRICACAO: 1999
NOME DA CIDADE: RIO DE JANEIRO
QUANTIDADE DE VEICULOS: 29

MARCA DO VEICULO: FORD
MODELO DO VEICULO: ESCORT XR3
ANO DE FABRICACAO: NAO PREENCHIDO
NOME DA CIDADE: RIO DE JANEIRO
QUANTIDADE DE VEICULOS: 596

MARCA DO VEICULO: HARLEY DAVIDSON
MODELO DO VEICULO: FLSTF
ANO DE FABRICACAO: 2009
NOME DA CIDADE: RIO DE JANEIRO
QUANTIDADE DE VEICULOS: 27

MARCA DO VEICULO: NAO PREENCHIDO
MODELO DO VEICULO: NAO PREENCHIDO
ANO DE FABRICACAO: NAO PREENCHIDO
NOME DA CIDADE: RIO DE JANEIRO
QUANTIDADE DE VEICULOS: 11

MARCA DO VEICULO: GM
MODELO DO VEICULO: CELTA
ANO DE FABRICACAO: 2001
NOME DA CIDADE: RIO DE JANEIRO
QUANTIDADE DE VEICULOS: 20

MARCA DO VEICULO: NAO PREENCHIDO
MODELO DO VEICULO: NOVO FOX TL MA
ANO DE FABRICACAO: NAO PREENCHIDO
NOME DA CIDADE: RIO DE JANEIRO
QUANTIDADE DE VEICULOS: 12

MARCA DO VEICULO: NAO PREENCHIDO
MODELO DO VEICULO: NAO PREENCHIDO
ANO DE FABRICACAO: NAO PREENCHIDO
NOME DA CIDADE: RIO DE JANEIRO
QUANTIDADE DE VEICULOS: 22

MARCA DO VEICULO: NAO PREENCHIDO
MODELO DO VEICULO: NAO PREENCHIDO
ANO DE FABRICACAO: NAO PREENCHIDO
NOME DA CIDADE: RIO DE JANEIRO
QUANTIDADE DE VEICULOS: 12

MARCA DO VEICULO: NAO PREENCHIDO
MODELO DO VEICULO: FUSCA
ANO DE FABRICACAO: NAO PREENCHIDO
NOME DA CIDADE: RIO DE JANEIRO
QUANTIDADE DE VEICULOS: 230

MARCA DO VEICULO: VW
MODELO DO VEICULO: NAO PREENCHIDO
ANO DE FABRICACAO: 1993
NOME DA CIDADE: RIO DE JANEIRO
QUANTIDADE DE VEICULOS: 32

MARCA DO VEICULO: NAO PREENCHIDO
MODELO DO VEICULO: CITROEN ZX 2I VOLC
ANO DE FABRICACAO: 1994
NOME DA CIDADE: RIO DE JANEIRO
QUANTIDADE DE VEICULOS: 205

MARCA DO VEICULO: NAO PREENCHIDO
MODELO DO VEICULO: ELBA S
ANO DE FABRICACAO: NAO PREENCHIDO
NOME DA CIDADE: RIO DE JANEIRO
QUANTIDADE DE VEICULOS: 13

MARCA DO VEICULO: NAO PREENCHIDO
MODELO DO VEICULO: APOLLO GL
ANO DE FABRICACAO: 1991
NOME DA CIDADE: RIO DE JANEIRO
QUANTIDADE DE VEICULOS: 42

MARCA DO VEICULO: NAO PREENCHIDO
MODELO DO VEICULO: CG 150 TITAN KS
ANO DE FABRICACAO: 2006
NOME DA CIDADE: RIO DE JANEIRO
QUANTIDADE DE VEICULOS: 16

MARCA DO VEICULO: NAO PREENCHIDO
MODELO DO VEICULO: NAO PREENCHIDO
ANO DE FABRICACAO: 1973
NOME DA CIDADE: RIO DE JANEIRO
QUANTIDADE DE VEICULOS: 12

MARCA DO VEICULO: FIAT
MODELO DO VEICULO: NAO PREENCHIDO
ANO DE FABRICACAO: 1993
NOME DA CIDADE: RIO DE JANEIRO
QUANTIDADE DE VEICULOS: 179

MARCA DO VEICULO: NAO PREENCHIDO
MODELO DO VEICULO: PICASSO 16 GLX
ANO DE FABRICACAO: 2005
NOME DA CIDADE: RIO DE JANEIRO
QUANTIDADE DE VEICULOS: 178

MARCA DO VEICULO: FIAT
MODELO DO VEICULO: NAO PREENCHIDO
ANO DE FABRICACAO: 2015
NOME DA CIDADE: RIO DE JANEIRO
QUANTIDADE DE VEICULOS: 19

MARCA DO VEICULO: NAO PREENCHIDO
MODELO DO VEICULO: NAO PREENCHIDO
ANO DE FABRICACAO: 1993
NOME DA CIDADE: RIO DE JANEIRO
QUANTIDADE DE VEICULOS: 11

MARCA DO VEICULO: NAO PREENCHIDO
MODELO DO VEICULO: NAO PREENCHIDO
ANO DE FABRICACAO: 2011
NOME DA CIDADE: RIO DE JANEIRO
QUANTIDADE DE VEICULOS: 140

MARCA DO VEICULO: NAO PREENCHIDO
MODELO DO VEICULO: NAO PREENCHIDO
ANO DE FABRICACAO: NAO PREENCHIDO
NOME DA CIDADE: RIO DE JANEIRO
QUANTIDADE DE VEICULOS: 10

MARCA DO VEICULO: NAO PREENCHIDO
MODELO DO VEICULO: 147
ANO DE FABRICACAO: 1986
NOME DA CIDADE: RIO DE JANEIRO
QUANTIDADE DE VEICULOS: 10

MARCA DO VEICULO: NAO PREENCHIDO
MODELO DO VEICULO: NAO PREENCHIDO
ANO DE FABRICACAO: NAO PREENCHIDO
NOME DA CIDADE: RIO DE JANEIRO
QUANTIDADE DE VEICULOS: 119

MARCA DO VEICULO: YAMAHA
MODELO DO VEICULO: NMAX
ANO DE FABRICACAO: 2018
NOME DA CIDADE: RIO DE JANEIRO
QUANTIDADE DE VEICULOS: 13

MARCA DO VEICULO: VW
MODELO DO VEICULO: NAO PREENCHIDO
ANO DE FABRICACAO: NAO PREENCHIDO
NOME DA CIDADE: RIO DE JANEIRO
QUANTIDADE DE VEICULOS: 25

MARCA DO VEICULO: NAO PREENCHIDO
MODELO DO VEICULO: NAO PREENCHIDO
ANO DE FABRICACAO: 1982
NOME DA CIDADE: RIO DE JANEIRO
QUANTIDADE DE VEICULOS: 97

MARCA DO VEICULO: FORD
MODELO DO VEICULO: NAO PREENCHIDO
ANO DE FABRICACAO: 1978
NOME DA CIDADE: RIO DE JANEIRO
QUANTIDADE DE VEICULOS: 100

MARCA DO VEICULO: NAO PREENCHIDO
MODELO DO VEICULO: NAO PREENCHIDO
ANO DE FABRICACAO: 2003
NOME DA CIDADE: RIO DE JANEIRO
QUANTIDADE DE VEICULOS: 17

MARCA DO VEICULO: GM
MODELO DO VEICULO: NAO PREENCHIDO
ANO DE FABRICACAO: 1996
NOME DA CIDADE: RIO DE JANEIRO
QUANTIDADE DE VEICULOS: 24

MARCA DO VEICULO: NAO PREENCHIDO
MODELO DO VEICULO: FORD VERONA 2I S
ANO DE FABRICACAO: 1996
NOME DA CIDADE: RIO DE JANEIRO
QUANTIDADE DE VEICULOS: 20

MARCA DO VEICULO: GM
MODELO DO VEICULO: CHEVETTE HATCH SL
ANO DE FABRICACAO: 1985
NOME DA CIDADE: RIO DE JANEIRO
QUANTIDADE DE VEICULOS: 14

MARCA DO VEICULO: VW
MODELO DO VEICULO: VARIANT II
ANO DE FABRICACAO: 1979
NOME DA CIDADE: RIO DE JANEIRO
QUANTIDADE DE VEICULOS: 10

MARCA DO VEICULO: NAO PREENCHIDO
MODELO DO VEICULO: HB20S 1M COMF
ANO DE FABRICACAO: 2014
NOME DA CIDADE: RIO DE JANEIRO
QUANTIDADE DE VEICULOS: 52

MARCA DO VEICULO: FORD
MODELO DO VEICULO: ESCORT GHIA
ANO DE FABRICACAO: 1989
NOME DA CIDADE: RIO DE JANEIRO
QUANTIDADE DE VEICULOS: 23

MARCA DO VEICULO: NAO PREENCHIDO
MODELO DO VEICULO: NAO PREENCHIDO
ANO DE FABRICACAO: 2005
NOME DA CIDADE: RIO DE JANEIRO
QUANTIDADE DE VEICULOS: 12

MARCA DO VEICULO: NAO PREENCHIDO
MODELO DO VEICULO: NAO PREENCHIDO
ANO DE FABRICACAO: 1996
NOME DA CIDADE: RIO DE JANEIRO
QUANTIDADE DE VEICULOS: 40

MARCA DO VEICULO: NAO PREENCHIDO
MODELO DO VEICULO: NAO PREENCHIDO
ANO DE FABRICACAO: NAO PREENCHIDO
NOME DA CIDADE: RIO DE JANEIRO
QUANTIDADE DE VEICULOS: 70

MARCA DO VEICULO: CHEV
MODELO DO VEICULO: NAO PREENCHIDO
ANO DE FABRICACAO: 2013
NOME DA CIDADE: RIO DE JANEIRO
QUANTIDADE DE VEICULOS: 12

MARCA DO VEICULO: NAO PREENCHIDO
MODELO DO VEICULO: NAO PREENCHIDO
ANO DE FABRICACAO: 1994
NOME DA CIDADE: RIO DE JANEIRO
QUANTIDADE DE VEICULOS: 13

MARCA DO VEICULO: GM
MODELO DO VEICULO: NAO PREENCHIDO
ANO DE FABRICACAO: 2009
NOME DA CIDADE: RIO DE JANEIRO
QUANTIDADE DE VEICULOS: 66

MARCA DO VEICULO: VW
MODELO DO VEICULO: FUSCA 1300
ANO DE FABRICACAO: NAO PREENCHIDO
NOME DA CIDADE: RIO DE JANEIRO
QUANTIDADE DE VEICULOS: 36

MARCA DO VEICULO: CITROEN
MODELO DO VEICULO: NAO PREENCHIDO
ANO DE FABRICACAO: 2016
NOME DA CIDADE: RIO DE JANEIRO
QUANTIDADE DE VEICULOS: 62

MARCA DO VEICULO: FIAT
MODELO DO VEICULO: NAO PREENCHIDO
ANO DE FABRICACAO: 2012
NOME DA CIDADE: RIO DE JANEIRO
QUANTIDADE DE VEICULOS: 24

MARCA DO VEICULO: HONDA
MODELO DO VEICULO: CITY EXL CVT
ANO DE FABRICACAO: 2015
NOME DA CIDADE: RIO DE JANEIRO
QUANTIDADE DE VEICULOS: 12

MARCA DO VEICULO: HYUNDAI
MODELO DO VEICULO: NAO PREENCHIDO
ANO DE FABRICACAO: 2017
NOME DA CIDADE: RIO DE JANEIRO
QUANTIDADE DE VEICULOS: 15

MARCA DO VEICULO: NAO PREENCHIDO
MODELO DO VEICULO: MT03
ANO DE FABRICACAO: 2017
NOME DA CIDADE: RIO DE JANEIRO
QUANTIDADE DE VEICULOS: 17

MARCA DO VEICULO: FIAT
MODELO DO VEICULO: FIORINO 1.0
ANO DE FABRICACAO: 1995
NOME DA CIDADE: RIO DE JANEIRO
QUANTIDADE DE VEICULOS: 12

MARCA DO VEICULO: NAO PREENCHIDO
MODELO DO VEICULO: YARIS HB XLS15 AT
ANO DE FABRICACAO: 2019
NOME DA CIDADE: RIO DE JANEIRO
QUANTIDADE DE VEICULOS: 15

MARCA DO VEICULO: NAO PREENCHIDO
MODELO DO VEICULO: CELTA 3 PORTAS
ANO DE FABRICACAO: 2002
NOME DA CIDADE: RIO DE JANEIRO
QUANTIDADE DE VEICULOS: 19

MARCA DO VEICULO: NAO PREENCHIDO
MODELO DO VEICULO: VERSA 16 SV
ANO DE FABRICACAO: 2016
NOME DA CIDADE: RIO DE JANEIRO
QUANTIDADE DE VEICULOS: 35

MARCA DO VEICULO: HONDA
MODELO DO VEICULO: NXR150BROS MIX ESD
ANO DE FABRICACAO: 2010
NOME DA CIDADE: RIO DE JANEIRO
QUANTIDADE DE VEICULOS: 23

MARCA DO VEICULO: HONDA
MODELO DO VEICULO: CG 160 FAN ESDI
ANO DE FABRICACAO: 2016
NOME DA CIDADE: RIO DE JANEIRO
QUANTIDADE DE VEICULOS: 27

MARCA DO VEICULO: HONDA
MODELO DO VEICULO: NAO PREENCHIDO
ANO DE FABRICACAO: 1989
NOME DA CIDADE: RIO DE JANEIRO
QUANTIDADE DE VEICULOS: 52

MARCA DO VEICULO: NAO PREENCHIDO
MODELO DO VEICULO: L 1113
ANO DE FABRICACAO: 1976
NOME DA CIDADE: RIO DE JANEIRO
QUANTIDADE DE VEICULOS: 26

MARCA DO VEICULO: NAO PREENCHIDO
MODELO DO VEICULO: CB 300R
ANO DE FABRICACAO: 2015
NOME DA CIDADE: RIO DE JANEIRO
QUANTIDADE DE VEICULOS: 41

MARCA DO VEICULO: RENAULT
MODELO DO VEICULO: SANDERO STEP 16
ANO DE FABRICACAO: 2014
NOME DA CIDADE: RIO DE JANEIRO
QUANTIDADE DE VEICULOS: 23

MARCA DO VEICULO: NAO PREENCHIDO
MODELO DO VEICULO: YBR150 FACTOR ED
ANO DE FABRICACAO: NAO PREENCHIDO
NOME DA CIDADE: RIO DE JANEIRO
QUANTIDADE DE VEICULOS: 26

MARCA DO VEICULO: NAO PREENCHIDO
MODELO DO VEICULO: ECOSPORT XLT
ANO DE FABRICACAO: 2006
NOME DA CIDADE: RIO DE JANEIRO
QUANTIDADE DE VEICULOS: 18

MARCA DO VEICULO: VW
MODELO DO VEICULO: KOMBI
ANO DE FABRICACAO: 2002
NOME DA CIDADE: RIO DE JANEIRO
QUANTIDADE DE VEICULOS: 37

MARCA DO VEICULO: VW
MODELO DO VEICULO: VOYAGE
ANO DE FABRICACAO: 1983
NOME DA CIDADE: RIO DE JANEIRO
QUANTIDADE DE VEICULOS: 115

MARCA DO VEICULO: CHEVROLET
MODELO DO VEICULO: CRUZE LT NB
ANO DE FABRICACAO: 2014
NOME DA CIDADE: RIO DE JANEIRO
QUANTIDADE DE VEICULOS: 15

MARCA DO VEICULO: NAO PREENCHIDO
MODELO DO VEICULO: CG 160 START
ANO DE FABRICACAO: NAO PREENCHIDO
NOME DA CIDADE: RIO DE JANEIRO
QUANTIDADE DE VEICULOS: 97

MARCA DO VEICULO: FIAT
MODELO DO VEICULO: STRADA FIRE
ANO DE FABRICACAO: 2005
NOME DA CIDADE: RIO DE JANEIRO
QUANTIDADE DE VEICULOS: 12

MARCA DO VEICULO: HONDA
MODELO DO VEICULO: NAO PREENCHIDO
ANO DE FABRICACAO: 2010
NOME DA CIDADE: RIO DE JANEIRO
QUANTIDADE DE VEICULOS: 10

MARCA DO VEICULO: GM
MODELO DO VEICULO: CORSA GL
ANO DE FABRICACAO: 1997
NOME DA CIDADE: RIO DE JANEIRO
QUANTIDADE DE VEICULOS: 49

MARCA DO VEICULO: HONDA
MODELO DO VEICULO: NXR160 BROS ESDD
ANO DE FABRICACAO: 2020
NOME DA CIDADE: RIO DE JANEIRO
QUANTIDADE DE VEICULOS: 21

MARCA DO VEICULO: NAO PREENCHIDO
MODELO DO VEICULO: PALIO ELX FLEX
ANO DE FABRICACAO: 2009
NOME DA CIDADE: RIO DE JANEIRO
QUANTIDADE DE VEICULOS: 75

MARCA DO VEICULO: GM
MODELO DO VEICULO: NAO PREENCHIDO
ANO DE FABRICACAO: 2010
NOME DA CIDADE: RIO DE JANEIRO
QUANTIDADE DE VEICULOS: 72

MARCA DO VEICULO: FIAT
MODELO DO VEICULO: 147 L
ANO DE FABRICACAO: 1981
NOME DA CIDADE: RIO DE JANEIRO
QUANTIDADE DE VEICULOS: 11

MARCA DO VEICULO: HONDA
MODELO DO VEICULO: XR 250 TORNADO
ANO DE FABRICACAO: 2006
NOME DA CIDADE: RIO DE JANEIRO
QUANTIDADE DE VEICULOS: 19

MARCA DO VEICULO: FORD
MODELO DO VEICULO: DEL REY
ANO DE FABRICACAO: 1982
NOME DA CIDADE: RIO DE JANEIRO
QUANTIDADE DE VEICULOS: 64

MARCA DO VEICULO: HONDA
MODELO DO VEICULO: CG 150 FAN ESI
ANO DE FABRICACAO: 2012
NOME DA CIDADE: RIO DE JANEIRO
QUANTIDADE DE VEICULOS: 48

MARCA DO VEICULO: HONDA
MODELO DO VEICULO: NAO PREENCHIDO
ANO DE FABRICACAO: NAO PREENCHIDO
NOME DA CIDADE: RIO DE JANEIRO
QUANTIDADE DE VEICULOS: 60

MARCA DO VEICULO: NAO PREENCHIDO
MODELO DO VEICULO: UNO MILLE FIRE
ANO DE FABRICACAO: 2001
NOME DA CIDADE: RIO DE JANEIRO
QUANTIDADE DE VEICULOS: 60

MARCA DO VEICULO: VW
MODELO DO VEICULO: VOYAGE 1.0
ANO DE FABRICACAO: 2010
NOME DA CIDADE: RIO DE JANEIRO
QUANTIDADE DE VEICULOS: 14

MARCA DO VEICULO: VW
MODELO DO VEICULO: NAO PREENCHIDO
ANO DE FABRICACAO: 1988
NOME DA CIDADE: RIO DE JANEIRO
QUANTIDADE DE VEICULOS: 55

MARCA DO VEICULO: VW
MODELO DO VEICULO: BRASILIA
ANO DE FABRICACAO: 1976
NOME DA CIDADE: RIO DE JANEIRO
QUANTIDADE DE VEICULOS: 13

